<?xml version="1.0" encoding="UTF-8"?>
<testng-results skipped="0" failed="0" ignored="0" total="1" passed="1">
  <reporter-output>
  </reporter-output>
  <suite name="Default suite" duration-ms="26188" started-at="2022-08-25T10:46:32Z" finished-at="2022-08-25T10:46:58Z">
    <groups>
    </groups>
    <test name="Default test" duration-ms="26188" started-at="2022-08-25T10:46:32Z" finished-at="2022-08-25T10:46:58Z">
      <class name="test.TestViewSection">
        <test-method status="PASS" signature="setup()[pri:0, instance:test.TestViewSection@7c0e2abd]" name="setup" is-config="true" duration-ms="17650" started-at="2022-08-25T10:46:32Z" finished-at="2022-08-25T10:46:50Z">
          <reporter-output>
          </reporter-output>
        </test-method> <!-- setup -->
        <test-method status="PASS" signature="longPressTest()[pri:0, instance:test.TestViewSection@7c0e2abd]" name="longPressTest" duration-ms="8491" started-at="2022-08-25T10:46:50Z" finished-at="2022-08-25T10:46:58Z">
          <reporter-output>
          </reporter-output>
        </test-method> <!-- longPressTest -->
      </class> <!-- test.TestViewSection -->
    </test> <!-- Default test -->
  </suite> <!-- Default suite -->
</testng-results>
